<?xml version="1.0" encoding="UTF-8"?>
<!-- Generated by org.testng.reporters.JUnitReportReporter -->
<testsuite skipped="0" hostname="PC-DEV15" name="TestRunner" tests="1" failures="0" timestamp="2023-11-13T22:52:55 CET" time="0.083" errors="0">
  <testcase name="runScenario" time="0.083" classname="TestRunner"/>
  <system-out/>
</testsuite> <!-- TestRunner -->
